Added Component: Designator=*(STM Debugger)
Added Component: Designator=C1(100mil Capacitor THT)
Add component (AddParameter): Name = "LatestRevisionDate"; Value = "17-Jul-2002"; VariantName = "[No Variations]"
Add component (AddParameter): Name = "LatestRevisionNote"; Value = "Re-released for DXP Platform."; VariantName = "[No Variations]"
Add component (AddParameter): Name = "PackageDescription"; Value = "Radial Cap, Thru-Hole; 2 Leads; 0.3 in Pin Spacing"; VariantName = "[No Variations]"
Add component (AddParameter): Name = "PackageReference"; Value = "RAD-0.3"; VariantName = "[No Variations]"
Add component (AddParameter): Name = "Published"; Value = "8-Jun-2000"; VariantName = "[No Variations]"
Add component (AddParameter): Name = "Publisher"; Value = "Altium Limited"; VariantName = "[No Variations]"
Add component (AddParameter): Name = "Value"; Value = "10pF"; VariantName = "[No Variations]"
Added Component: Designator=C2(100mil Capacitor THT)
Add component (AddParameter): Name = "LatestRevisionDate"; Value = "17-Jul-2002"; VariantName = "[No Variations]"
Add component (AddParameter): Name = "LatestRevisionNote"; Value = "Re-released for DXP Platform."; VariantName = "[No Variations]"
Add component (AddParameter): Name = "PackageDescription"; Value = "Radial Cap, Thru-Hole; 2 Leads; 0.3 in Pin Spacing"; VariantName = "[No Variations]"
Add component (AddParameter): Name = "PackageReference"; Value = "RAD-0.3"; VariantName = "[No Variations]"
Add component (AddParameter): Name = "Published"; Value = "8-Jun-2000"; VariantName = "[No Variations]"
Add component (AddParameter): Name = "Publisher"; Value = "Altium Limited"; VariantName = "[No Variations]"
Add component (AddParameter): Name = "Value"; Value = "10pF"; VariantName = "[No Variations]"
Added Component: Designator=C3(100mil Capacitor THT)
Add component (AddParameter): Name = "LatestRevisionDate"; Value = "17-Jul-2002"; VariantName = "[No Variations]"
Add component (AddParameter): Name = "LatestRevisionNote"; Value = "Re-released for DXP Platform."; VariantName = "[No Variations]"
Add component (AddParameter): Name = "PackageDescription"; Value = "Radial Cap, Thru-Hole; 2 Leads; 0.3 in Pin Spacing"; VariantName = "[No Variations]"
Add component (AddParameter): Name = "PackageReference"; Value = "RAD-0.3"; VariantName = "[No Variations]"
Add component (AddParameter): Name = "Published"; Value = "8-Jun-2000"; VariantName = "[No Variations]"
Add component (AddParameter): Name = "Publisher"; Value = "Altium Limited"; VariantName = "[No Variations]"
Add component (AddParameter): Name = "Value"; Value = "100nF"; VariantName = "[No Variations]"
Added Component: Designator=C4(100mil Capacitor THT)
Add component (AddParameter): Name = "LatestRevisionDate"; Value = "17-Jul-2002"; VariantName = "[No Variations]"
Add component (AddParameter): Name = "LatestRevisionNote"; Value = "Re-released for DXP Platform."; VariantName = "[No Variations]"
Add component (AddParameter): Name = "PackageDescription"; Value = "Radial Cap, Thru-Hole; 2 Leads; 0.3 in Pin Spacing"; VariantName = "[No Variations]"
Add component (AddParameter): Name = "PackageReference"; Value = "RAD-0.3"; VariantName = "[No Variations]"
Add component (AddParameter): Name = "Published"; Value = "8-Jun-2000"; VariantName = "[No Variations]"
Add component (AddParameter): Name = "Publisher"; Value = "Altium Limited"; VariantName = "[No Variations]"
Add component (AddParameter): Name = "Value"; Value = "100nF"; VariantName = "[No Variations]"
Added Component: Designator=C5(100mil Capacitor THT)
Add component (AddParameter): Name = "LatestRevisionDate"; Value = "17-Jul-2002"; VariantName = "[No Variations]"
Add component (AddParameter): Name = "LatestRevisionNote"; Value = "Re-released for DXP Platform."; VariantName = "[No Variations]"
Add component (AddParameter): Name = "PackageDescription"; Value = "Radial Cap, Thru-Hole; 2 Leads; 0.3 in Pin Spacing"; VariantName = "[No Variations]"
Add component (AddParameter): Name = "PackageReference"; Value = "RAD-0.3"; VariantName = "[No Variations]"
Add component (AddParameter): Name = "Published"; Value = "8-Jun-2000"; VariantName = "[No Variations]"
Add component (AddParameter): Name = "Publisher"; Value = "Altium Limited"; VariantName = "[No Variations]"
Add component (AddParameter): Name = "Value"; Value = "100nF"; VariantName = "[No Variations]"
Added Component: Designator=C6(200mil Capacitor THT)
Add component (AddParameter): Name = "LatestRevisionDate"; Value = "17-Jul-2002"; VariantName = "[No Variations]"
Add component (AddParameter): Name = "LatestRevisionNote"; Value = "Re-released for DXP Platform."; VariantName = "[No Variations]"
Add component (AddParameter): Name = "PackageDescription"; Value = "Radial Cap, Thru-Hole; 2 Leads; 0.3 in Pin Spacing"; VariantName = "[No Variations]"
Add component (AddParameter): Name = "PackageReference"; Value = "RAD-0.3"; VariantName = "[No Variations]"
Add component (AddParameter): Name = "Published"; Value = "8-Jun-2000"; VariantName = "[No Variations]"
Add component (AddParameter): Name = "Publisher"; Value = "Altium Limited"; VariantName = "[No Variations]"
Add component (AddParameter): Name = "Value"; Value = "1uF"; VariantName = "[No Variations]"
Added Component: Designator=C7(200mil Capacitor THT)
Add component (AddParameter): Name = "LatestRevisionDate"; Value = "17-Jul-2002"; VariantName = "[No Variations]"
Add component (AddParameter): Name = "LatestRevisionNote"; Value = "Re-released for DXP Platform."; VariantName = "[No Variations]"
Add component (AddParameter): Name = "PackageDescription"; Value = "Radial Cap, Thru-Hole; 2 Leads; 0.3 in Pin Spacing"; VariantName = "[No Variations]"
Add component (AddParameter): Name = "PackageReference"; Value = "RAD-0.3"; VariantName = "[No Variations]"
Add component (AddParameter): Name = "Published"; Value = "8-Jun-2000"; VariantName = "[No Variations]"
Add component (AddParameter): Name = "Publisher"; Value = "Altium Limited"; VariantName = "[No Variations]"
Add component (AddParameter): Name = "Value"; Value = "1uF"; VariantName = "[No Variations]"
Added Component: Designator=J1(FCI-61729-0010BLF-6_V)
Add component (AddParameter): Name = "ComponentLink1Description"; Value = "Manufacturer URL"; VariantName = "[No Variations]"
Add component (AddParameter): Name = "ComponentLink1URL"; Value = "http://portal.fciconnect.com/"; VariantName = "[No Variations]"
Add component (AddParameter): Name = "ComponentLink2Description"; Value = "Datasheet"; VariantName = "[No Variations]"
Add component (AddParameter): Name = "ComponentLink2URL"; Value = "http://portal.fciconnect.com/Comergent//fci/drawing/61729.pdf"; VariantName = "[No Variations]"
Add component (AddParameter): Name = "ComponentLink3Description"; Value = "Package Specification"; VariantName = "[No Variations]"
Add component (AddParameter): Name = "ComponentLink3URL"; Value = "http://portal.fciconnect.com/Comergent//fci/drawing/61729.pdf"; VariantName = "[No Variations]"
Add component (AddParameter): Name = "Connector Type"; Value = "USB-B"; VariantName = "[No Variations]"
Add component (AddParameter): Name = "DatasheetVersion"; Value = "Rev. V"; VariantName = "[No Variations]"
Add component (AddParameter): Name = "Gender"; Value = "Receptacle"; VariantName = "[No Variations]"
Add component (AddParameter): Name = "Manufacturer"; Value = "FCI Electronics"; VariantName = "[No Variations]"
Add component (AddParameter): Name = "Mounting Technology"; Value = "Through Hole"; VariantName = "[No Variations]"
Add component (AddParameter): Name = "Number of Contacts"; Value = "4"; VariantName = "[No Variations]"
Add component (AddParameter): Name = "PackageDescription"; Value = "6-Pin, Through Hole, Body 12.2 x 16 mm"; VariantName = "[No Variations]"
Add component (AddParameter): Name = "PackageReference"; Value = "61729-0010BLF"; VariantName = "[No Variations]"
Add component (AddParameter): Name = "Packing"; Value = "Tube"; VariantName = "[No Variations]"
Add component (AddParameter): Name = "PartNumber"; Value = "61729-0010BLF"; VariantName = "[No Variations]"
Add component (AddParameter): Name = "RoHS"; Value = "TRUE"; VariantName = "[No Variations]"
Add component (AddParameter): Name = "Specifications"; Value = "USB 2.0"; VariantName = "[No Variations]"
Added Component: Designator=P1(HDR1X24)
Add component (AddParameter): Name = "LatestRevisionDate"; Value = "17-Jul-2002"; VariantName = "[No Variations]"
Add component (AddParameter): Name = "LatestRevisionNote"; Value = "Re-released for DXP Platform."; VariantName = "[No Variations]"
Add component (AddParameter): Name = "Publisher"; Value = "Altium Limited"; VariantName = "[No Variations]"
Added Component: Designator=P2(HDR1X24)
Add component (AddParameter): Name = "LatestRevisionDate"; Value = "17-Jul-2002"; VariantName = "[No Variations]"
Add component (AddParameter): Name = "LatestRevisionNote"; Value = "Re-released for DXP Platform."; VariantName = "[No Variations]"
Add component (AddParameter): Name = "Publisher"; Value = "Altium Limited"; VariantName = "[No Variations]"
Added Component: Designator=P3(HDR1X4H)
Add component (AddParameter): Name = "LatestRevisionDate"; Value = "17-Jul-2002"; VariantName = "[No Variations]"
Add component (AddParameter): Name = "LatestRevisionNote"; Value = "Re-released for DXP Platform."; VariantName = "[No Variations]"
Add component (AddParameter): Name = "Publisher"; Value = "Altium Limited"; VariantName = "[No Variations]"
Added Component: Designator=R1(AXIAL-0.3)
Add component (AddParameter): Name = "LatestRevisionDate"; Value = "17-Jul-2002"; VariantName = "[No Variations]"
Add component (AddParameter): Name = "LatestRevisionNote"; Value = "Re-released for DXP Platform."; VariantName = "[No Variations]"
Add component (AddParameter): Name = "PackageDescription"; Value = "Axial Device, Thru-Hole; 2 Leads; 0.3 in Pin Spacing"; VariantName = "[No Variations]"
Add component (AddParameter): Name = "PackageReference"; Value = "AXIAL-0.3"; VariantName = "[No Variations]"
Add component (AddParameter): Name = "Published"; Value = "8-Jun-2000"; VariantName = "[No Variations]"
Add component (AddParameter): Name = "Publisher"; Value = "Altium Limited"; VariantName = "[No Variations]"
Add component (AddParameter): Name = "Value"; Value = "1K"; VariantName = "[No Variations]"
Added Component: Designator=U1(TO-92-TO3)
Add component (AddParameter): Name = "ComponentLink1Description"; Value = "Datasheet"; VariantName = "[No Variations]"
Add component (AddParameter): Name = "ComponentLink1URL"; Value = "http://ww1.microchip.com/downloads/en/DeviceDoc/21826b.pdf"; VariantName = "[No Variations]"
Add component (AddParameter): Name = "ComponentLink2Description"; Value = "Packaging Specification"; VariantName = "[No Variations]"
Add component (AddParameter): Name = "ComponentLink2URL"; Value = "http://www.microchip.com/stellent/groups/techpub_sg/documents/packagingspec/en012702.pdf"; VariantName = "[No Variations]"
Add component (AddParameter): Name = "ComponentLink3Description"; Value = "Microchip.com Home"; VariantName = "[No Variations]"
Add component (AddParameter): Name = "ComponentLink3URL"; Value = "http://www.microchip.com/"; VariantName = "[No Variations]"
Add component (AddParameter): Name = "DatasheetVersion"; Value = "revB, Feb-2007"; VariantName = "[No Variations]"
Add component (AddParameter): Name = "PackageDescription"; Value = "3-Lead Plastic Transistor Outline (TO) [TO-92]"; VariantName = "[No Variations]"
Add component (AddParameter): Name = "PackageReference"; Value = "TO-92-TO3"; VariantName = "[No Variations]"
Add component (AddParameter): Name = "PackageVersion"; Value = "revBB, Aug-2009"; VariantName = "[No Variations]"
Add component (AddParameter): Name = "Published"; Value = "29-Jan-2009"; VariantName = "[No Variations]"
Add component (AddParameter): Name = "Publisher"; Value = "Altium Limited"; VariantName = "[No Variations]"
Add component (AddParameter): Name = "Supplier 1"; Value = "Digi-Key"; VariantName = "[No Variations]"
Add component (AddParameter): Name = "Supplier 2"; Value = "Farnell"; VariantName = "[No Variations]"
Add component (AddParameter): Name = "Supplier Part Number 1"; Value = "MCP1700-3302E/TO-ND"; VariantName = "[No Variations]"
Add component (AddParameter): Name = "Supplier Part Number 2"; Value = "1296588"; VariantName = "[No Variations]"
Added Component: Designator=U2(STM32F051C6T6 Baracuda Breakout)
Added Component: Designator=Y1(200mil Flat Quarts Crystal THT)
Add component (AddParameter): Name = "LatestRevisionDate"; Value = "17-Jul-2002"; VariantName = "[No Variations]"
Add component (AddParameter): Name = "LatestRevisionNote"; Value = "Re-released for DXP Platform."; VariantName = "[No Variations]"
Add component (AddParameter): Name = "PackageDescription"; Value = "Crystal, Thru-Hole; 2 Leads; Body 3.1 x 8.2 mm (Dia.xH)"; VariantName = "[No Variations]"
Add component (AddParameter): Name = "PackageReference"; Value = "R38"; VariantName = "[No Variations]"
Add component (AddParameter): Name = "Published"; Value = "8-Jun-2000"; VariantName = "[No Variations]"
Add component (AddParameter): Name = "Publisher"; Value = "Altium Limited"; VariantName = "[No Variations]"
Added Pin To Net: NetName=+3V3 Pin=*-2
Added Pin To Net: NetName=+3V3 Pin=C3-1
Added Pin To Net: NetName=+3V3 Pin=C4-1
Added Pin To Net: NetName=+3V3 Pin=C5-1
Added Pin To Net: NetName=+3V3 Pin=C7-1
Added Pin To Net: NetName=+3V3 Pin=P1-1
Added Pin To Net: NetName=+3V3 Pin=P1-9
Added Pin To Net: NetName=+3V3 Pin=P1-24
Added Pin To Net: NetName=+3V3 Pin=P2-24
Added Pin To Net: NetName=+3V3 Pin=U1-3
Added Pin To Net: NetName=+3V3 Pin=U2-1
Added Pin To Net: NetName=+3V3 Pin=U2-9
Added Pin To Net: NetName=+3V3 Pin=U2-24
Added Pin To Net: NetName=+3V3 Pin=U2-48
Added Net: Name=+3V3
Added Pin To Net: NetName=+5 Pin=*-1
Added Pin To Net: NetName=+5 Pin=C6-1
Added Pin To Net: NetName=+5 Pin=J1-1
Added Pin To Net: NetName=+5 Pin=U1-2
Added Net: Name=+5
Added Pin To Net: NetName=BOOT0 Pin=P2-20
Added Pin To Net: NetName=BOOT0 Pin=R1-1
Added Pin To Net: NetName=BOOT0 Pin=U2-44
Added Net: Name=BOOT0
Added Pin To Net: NetName=GND Pin=*-5
Added Pin To Net: NetName=GND Pin=C1-2
Added Pin To Net: NetName=GND Pin=C2-2
Added Pin To Net: NetName=GND Pin=C3-2
Added Pin To Net: NetName=GND Pin=C4-2
Added Pin To Net: NetName=GND Pin=C5-2
Added Pin To Net: NetName=GND Pin=C6-2
Added Pin To Net: NetName=GND Pin=C7-2
Added Pin To Net: NetName=GND Pin=J1-4
Added Pin To Net: NetName=GND Pin=P1-8
Added Pin To Net: NetName=GND Pin=P1-23
Added Pin To Net: NetName=GND Pin=P2-23
Added Pin To Net: NetName=GND Pin=P3-4
Added Pin To Net: NetName=GND Pin=R1-2
Added Pin To Net: NetName=GND Pin=U1-1
Added Pin To Net: NetName=GND Pin=U2-8
Added Pin To Net: NetName=GND Pin=U2-23
Added Pin To Net: NetName=GND Pin=U2-47
Added Net: Name=GND
Added Pin To Net: NetName=NSRT Pin=*-6
Added Pin To Net: NetName=NSRT Pin=P1-7
Added Pin To Net: NetName=NSRT Pin=P3-3
Added Pin To Net: NetName=NSRT Pin=U2-7
Added Net: Name=NSRT
Added Pin To Net: NetName=OSC_IN Pin=C2-1
Added Pin To Net: NetName=OSC_IN Pin=P1-5
Added Pin To Net: NetName=OSC_IN Pin=U2-5
Added Pin To Net: NetName=OSC_IN Pin=Y1-2
Added Net: Name=OSC_IN
Added Pin To Net: NetName=OSC_OUT Pin=C1-1
Added Pin To Net: NetName=OSC_OUT Pin=P1-6
Added Pin To Net: NetName=OSC_OUT Pin=U2-6
Added Pin To Net: NetName=OSC_OUT Pin=Y1-1
Added Net: Name=OSC_OUT
Added Pin To Net: NetName=PA0 Pin=P1-10
Added Pin To Net: NetName=PA0 Pin=U2-10
Added Net: Name=PA0
Added Pin To Net: NetName=PA1 Pin=P1-11
Added Pin To Net: NetName=PA1 Pin=U2-11
Added Net: Name=PA1
Added Pin To Net: NetName=PA2 Pin=P1-12
Added Pin To Net: NetName=PA2 Pin=U2-12
Added Net: Name=PA2
Added Pin To Net: NetName=PA3 Pin=P1-13
Added Pin To Net: NetName=PA3 Pin=U2-13
Added Net: Name=PA3
Added Pin To Net: NetName=PA4 Pin=P1-14
Added Pin To Net: NetName=PA4 Pin=U2-14
Added Net: Name=PA4
Added Pin To Net: NetName=PA5 Pin=P1-15
Added Pin To Net: NetName=PA5 Pin=U2-15
Added Net: Name=PA5
Added Pin To Net: NetName=PA6 Pin=P1-16
Added Pin To Net: NetName=PA6 Pin=U2-16
Added Net: Name=PA6
Added Pin To Net: NetName=PA7 Pin=P1-17
Added Pin To Net: NetName=PA7 Pin=U2-17
Added Net: Name=PA7
Added Pin To Net: NetName=PA8 Pin=P2-5
Added Pin To Net: NetName=PA8 Pin=U2-29
Added Net: Name=PA8
Added Pin To Net: NetName=PA9 Pin=P2-6
Added Pin To Net: NetName=PA9 Pin=U2-30
Added Net: Name=PA9
Added Pin To Net: NetName=PA10 Pin=P2-7
Added Pin To Net: NetName=PA10 Pin=U2-31
Added Net: Name=PA10
Added Pin To Net: NetName=PA11 Pin=P2-8
Added Pin To Net: NetName=PA11 Pin=U2-32
Added Net: Name=PA11
Added Pin To Net: NetName=PA12 Pin=P2-9
Added Pin To Net: NetName=PA12 Pin=U2-33
Added Net: Name=PA12
Added Pin To Net: NetName=PA15 Pin=P2-14
Added Pin To Net: NetName=PA15 Pin=U2-38
Added Net: Name=PA15
Added Pin To Net: NetName=PB0 Pin=P1-18
Added Pin To Net: NetName=PB0 Pin=U2-18
Added Net: Name=PB0
Added Pin To Net: NetName=PB1 Pin=P1-19
Added Pin To Net: NetName=PB1 Pin=U2-19
Added Net: Name=PB1
Added Pin To Net: NetName=PB2 Pin=P1-20
Added Pin To Net: NetName=PB2 Pin=U2-20
Added Net: Name=PB2
Added Pin To Net: NetName=PB3 Pin=P2-15
Added Pin To Net: NetName=PB3 Pin=U2-39
Added Net: Name=PB3
Added Pin To Net: NetName=PB4 Pin=P2-16
Added Pin To Net: NetName=PB4 Pin=U2-40
Added Net: Name=PB4
Added Pin To Net: NetName=PB5 Pin=P2-17
Added Pin To Net: NetName=PB5 Pin=U2-41
Added Net: Name=PB5
Added Pin To Net: NetName=PB6 Pin=P2-18
Added Pin To Net: NetName=PB6 Pin=U2-42
Added Net: Name=PB6
Added Pin To Net: NetName=PB7 Pin=P2-19
Added Pin To Net: NetName=PB7 Pin=U2-43
Added Net: Name=PB7
Added Pin To Net: NetName=PB8 Pin=P2-21
Added Pin To Net: NetName=PB8 Pin=U2-45
Added Net: Name=PB8
Added Pin To Net: NetName=PB9 Pin=P2-22
Added Pin To Net: NetName=PB9 Pin=U2-46
Added Net: Name=PB9
Added Pin To Net: NetName=PB10 Pin=P1-21
Added Pin To Net: NetName=PB10 Pin=U2-21
Added Net: Name=PB10
Added Pin To Net: NetName=PB11 Pin=P1-22
Added Pin To Net: NetName=PB11 Pin=U2-22
Added Net: Name=PB11
Added Pin To Net: NetName=PB12 Pin=P2-1
Added Pin To Net: NetName=PB12 Pin=U2-25
Added Net: Name=PB12
Added Pin To Net: NetName=PB13 Pin=P2-2
Added Pin To Net: NetName=PB13 Pin=U2-26
Added Net: Name=PB13
Added Pin To Net: NetName=PB14 Pin=P2-3
Added Pin To Net: NetName=PB14 Pin=U2-27
Added Net: Name=PB14
Added Pin To Net: NetName=PB15 Pin=P2-4
Added Pin To Net: NetName=PB15 Pin=U2-28
Added Net: Name=PB15
Added Pin To Net: NetName=PC13 Pin=P1-2
Added Pin To Net: NetName=PC13 Pin=U2-2
Added Net: Name=PC13
Added Pin To Net: NetName=PC14 Pin=P1-3
Added Pin To Net: NetName=PC14 Pin=U2-3
Added Net: Name=PC14
Added Pin To Net: NetName=PC15 Pin=P1-4
Added Pin To Net: NetName=PC15 Pin=U2-4
Added Net: Name=PC15
Added Pin To Net: NetName=PF6 Pin=P2-11
Added Pin To Net: NetName=PF6 Pin=U2-35
Added Net: Name=PF6
Added Pin To Net: NetName=PF7 Pin=P2-12
Added Pin To Net: NetName=PF7 Pin=U2-36
Added Net: Name=PF7
Added Pin To Net: NetName=SWCLK Pin=*-7
Added Pin To Net: NetName=SWCLK Pin=P2-13
Added Pin To Net: NetName=SWCLK Pin=P3-2
Added Pin To Net: NetName=SWCLK Pin=U2-37
Added Net: Name=SWCLK
Added Pin To Net: NetName=SWDAT Pin=*-8
Added Pin To Net: NetName=SWDAT Pin=P2-10
Added Pin To Net: NetName=SWDAT Pin=P3-1
Added Pin To Net: NetName=SWDAT Pin=U2-34
Added Net: Name=SWDAT
Added Pin To Net: NetName=USB+ Pin=*-4
Added Pin To Net: NetName=USB+ Pin=J1-2
Added Net: Name=USB+
Added Pin To Net: NetName=USB- Pin=*-3
Added Pin To Net: NetName=USB- Pin=J1-3
Added Net: Name=USB-
Added Class: Name=STM32F051C6 Lite Development Board
Added Room: Name=STM32F051C6 Lite Development Board
